2025-10-09 17:00:00 | DEBUG | repo=arquillian-phantom-binary | action=commit
2025-03-18 09:47:00 | WARN | repo=arquillian-phantom-binary | action=commit
2025-11-18 19:45:00 | DEBUG | repo=arquillian-phantom-binary | action=commit
2025-01-20 17:31:00 | WARN | repo=arquillian-phantom-binary | action=commit
2025-02-23 16:01:00 | DEBUG | repo=arquillian-phantom-binary | action=commit
2025-03-01 20:56:00 | DEBUG | repo=arquillian-phantom-binary | action=commit
2025-07-05 18:13:00 | WARN | repo=arquillian-phantom-binary | action=commit
2025-07-10 12:36:00 | DEBUG | repo=arquillian-phantom-binary | action=commit
2025-10-11 20:23:00 | INFO | repo=arquillian-phantom-binary | action=commit
2025-10-21 11:44:00 | INFO | repo=arquillian-phantom-binary | action=commit
2025-01-16 16:07:00 | INFO | repo=arquillian-phantom-binary | action=commit
2025-02-17 07:50:00 | WARN | repo=arquillian-phantom-binary | action=commit
2025-02-28 21:57:00 | WARN | repo=arquillian-phantom-binary | action=commit
2025-07-14 12:58:00 | INFO | repo=arquillian-phantom-binary | action=commit
2025-04-08 12:37:00 | DEBUG | repo=arquillian-phantom-binary | action=commit
2025-02-02 08:56:00 | INFO | repo=arquillian-phantom-binary | action=commit
2025-04-11 20:02:00 | WARN | repo=arquillian-phantom-binary | action=commit
2025-06-05 21:51:00 | DEBUG | repo=arquillian-phantom-binary | action=commit
2025-07-17 19:23:00 | DEBUG | repo=arquillian-phantom-binary | action=commit
2025-09-15 09:53:00 | INFO | repo=arquillian-phantom-binary | action=commit
2025-06-11 08:45:00 | WARN | repo=arquillian-phantom-binary | action=commit
2025-12-11 14:26:00 | INFO | repo=arquillian-phantom-binary | action=commit
2025-10-09 19:10:00 | WARN | repo=arquillian-phantom-binary | action=commit
2025-10-11 10:43:00 | DEBUG | repo=arquillian-phantom-binary | action=commit
2025-04-06 17:34:00 | WARN | repo=arquillian-phantom-binary | action=commit
2025-07-21 21:01:00 | DEBUG | repo=arquillian-phantom-binary | action=commit
2025-08-03 11:06:00 | DEBUG | repo=arquillian-phantom-binary | action=commit
2025-10-04 08:10:00 | DEBUG | repo=arquillian-phantom-binary | action=commit
2025-10-08 07:13:00 | WARN | repo=arquillian-phantom-binary | action=commit
2025-07-17 08:36:00 | DEBUG | repo=arquillian-phantom-binary | action=pull
2025-09-01 19:21:00 | INFO | repo=arquillian-phantom-binary | action=pull
2025-08-21 16:47:00 | INFO | repo=arquillian-phantom-binary | action=commit
2025-02-14 15:24:00 | INFO | repo=arquillian-phantom-binary | action=commit
2025-11-21 07:31:00 | INFO | repo=arquillian-phantom-binary | action=commit
2025-11-15 11:16:00 | WARN | repo=arquillian-phantom-binary | action=commit
2025-04-07 07:40:00 | INFO | repo=arquillian-phantom-binary | action=commit
2025-03-28 09:38:00 | WARN | repo=arquillian-phantom-binary | action=commit
2025-01-09 18:43:00 | WARN | repo=arquillian-phantom-binary | action=commit
2025-01-02 21:13:00 | INFO | repo=arquillian-phantom-binary | action=commit
2025-03-09 17:59:00 | WARN | repo=arquillian-phantom-binary | action=test | passed=true
2025-01-01 21:35:00 | WARN | repo=arquillian-phantom-binary | action=commit
2025-11-13 08:15:00 | INFO | repo=arquillian-phantom-binary | action=commit
2025-12-11 07:31:00 | WARN | repo=arquillian-phantom-binary | action=edit | files=5
2025-07-13 07:23:00 | DEBUG | repo=arquillian-phantom-binary | action=commit
2025-12-13 15:23:00 | DEBUG | repo=arquillian-phantom-binary | action=commit
2025-11-24 16:11:00 | INFO | repo=arquillian-phantom-binary | action=commit
2025-12-24 18:38:00 | INFO | repo=arquillian-phantom-binary | action=edit | files=4
2025-02-16 18:33:00 | DEBUG | repo=arquillian-phantom-binary | action=commit
2025-07-12 21:08:00 | INFO | repo=arquillian-phantom-binary | action=commit
2025-03-24 13:15:00 | WARN | repo=arquillian-phantom-binary | action=commit
2025-12-07 09:01:00 | WARN | repo=arquillian-phantom-binary | action=commit
2025-05-18 18:01:00 | INFO | repo=arquillian-phantom-binary | action=commit
2025-01-01 07:01:00 | WARN | repo=arquillian-phantom-binary | action=commit
2025-06-01 14:07:00 | DEBUG | repo=arquillian-phantom-binary | action=commit
2025-10-07 09:43:00 | INFO | repo=arquillian-phantom-binary | action=commit
2025-02-16 19:03:00 | WARN | repo=arquillian-phantom-binary | action=commit
2025-01-25 08:48:00 | DEBUG | repo=arquillian-phantom-binary | action=test | passed=true
2025-09-01 18:34:00 | WARN | repo=arquillian-phantom-binary | action=commit
2025-12-20 08:34:00 | INFO | repo=arquillian-phantom-binary | action=edit | files=2
2025-08-05 10:39:00 | DEBUG | repo=arquillian-phantom-binary | action=commit
2025-01-12 09:07:00 | WARN | repo=arquillian-phantom-binary | action=edit | files=4
2025-06-26 08:18:00 | DEBUG | repo=arquillian-phantom-binary | action=pull
2025-07-22 14:15:00 | DEBUG | repo=arquillian-phantom-binary | action=commit
2025-02-28 21:09:00 | INFO | repo=arquillian-phantom-binary | action=commit
2025-11-17 08:12:00 | WARN | repo=arquillian-phantom-binary | action=test | passed=true
2025-10-12 08:55:00 | INFO | repo=arquillian-phantom-binary | action=commit
2025-06-02 20:40:00 | DEBUG | repo=arquillian-phantom-binary | action=commit
2025-10-18 18:17:00 | INFO | repo=arquillian-phantom-binary | action=commit
2025-04-18 20:31:00 | WARN | repo=arquillian-phantom-binary | action=commit
2025-01-05 15:26:00 | DEBUG | repo=arquillian-phantom-binary | action=commit
2025-02-17 13:25:00 | WARN | repo=arquillian-phantom-binary | action=edit | files=3
2025-01-23 19:20:00 | DEBUG | repo=arquillian-phantom-binary | action=commit
2025-06-28 12:00:00 | DEBUG | repo=arquillian-phantom-binary | action=test | passed=true
2025-03-12 20:20:00 | INFO | repo=arquillian-phantom-binary | action=commit
2025-05-17 08:52:00 | DEBUG | repo=arquillian-phantom-binary | action=commit
2025-03-13 12:31:00 | DEBUG | repo=arquillian-phantom-binary | action=commit
2025-09-14 20:47:00 | INFO | repo=arquillian-phantom-binary | action=commit
2025-10-12 09:21:00 | INFO | repo=arquillian-phantom-binary | action=commit
2025-10-05 13:42:00 | DEBUG | repo=arquillian-phantom-binary | action=commit
2025-03-05 21:28:00 | INFO | repo=arquillian-phantom-binary | action=commit
2025-06-10 20:16:00 | INFO | repo=arquillian-phantom-binary | action=commit
2025-04-09 20:15:00 | WARN | repo=arquillian-phantom-binary | action=edit | files=2
2025-07-01 11:24:00 | DEBUG | repo=arquillian-phantom-binary | action=commit
2025-12-17 16:13:00 | DEBUG | repo=arquillian-phantom-binary | action=commit
2025-12-08 07:34:00 | INFO | repo=arquillian-phantom-binary | action=commit
2025-08-25 07:34:00 | INFO | repo=arquillian-phantom-binary | action=commit
2025-06-08 07:39:00 | WARN | repo=arquillian-phantom-binary | action=test | passed=true
2025-07-04 21:17:00 | DEBUG | repo=arquillian-phantom-binary | action=commit
2025-09-15 07:45:00 | WARN | repo=arquillian-phantom-binary | action=test | passed=true
2025-01-16 20:45:00 | INFO | repo=arquillian-phantom-binary | action=pull
2025-02-21 19:25:00 | INFO | repo=arquillian-phantom-binary | action=commit
2025-11-03 17:13:00 | WARN | repo=arquillian-phantom-binary | action=commit
2025-05-26 17:47:00 | DEBUG | repo=arquillian-phantom-binary | action=commit
2025-01-09 21:27:00 | DEBUG | repo=arquillian-phantom-binary | action=commit
2025-02-07 16:16:00 | INFO | repo=arquillian-phantom-binary | action=commit
2025-07-12 21:54:00 | WARN | repo=arquillian-phantom-binary | action=pull
2025-05-26 13:01:00 | INFO | repo=arquillian-phantom-binary | action=commit
2025-05-03 08:55:00 | WARN | repo=arquillian-phantom-binary | action=commit
2025-02-25 20:50:00 | WARN | repo=arquillian-phantom-binary | action=commit
2025-03-05 10:47:00 | DEBUG | repo=arquillian-phantom-binary | action=commit
2025-10-21 08:15:00 | WARN | repo=arquillian-phantom-binary | action=commit
2025-05-20 18:22:00 | INFO | repo=arquillian-phantom-binary | action=edit | files=1
2025-09-13 17:15:00 | INFO | repo=arquillian-phantom-binary | action=commit
2025-12-13 18:11:00 | WARN | repo=arquillian-phantom-binary | action=commit
2025-07-01 08:09:00 | INFO | repo=arquillian-phantom-binary | action=commit
2025-09-13 12:34:00 | WARN | repo=arquillian-phantom-binary | action=test | passed=true
2025-09-11 07:55:00 | INFO | repo=arquillian-phantom-binary | action=edit | files=1
2025-05-15 11:35:00 | INFO | repo=arquillian-phantom-binary | action=commit
2025-08-05 12:31:00 | WARN | repo=arquillian-phantom-binary | action=test | passed=true
2025-08-15 08:50:00 | WARN | repo=arquillian-phantom-binary | action=commit
2025-09-10 13:40:00 | DEBUG | repo=arquillian-phantom-binary | action=edit | files=3
2025-07-22 08:38:00 | DEBUG | repo=arquillian-phantom-binary | action=commit
2025-09-10 14:20:00 | WARN | repo=arquillian-phantom-binary | action=commit
2025-03-11 21:42:00 | WARN | repo=arquillian-phantom-binary | action=commit
2025-10-22 07:32:00 | WARN | repo=arquillian-phantom-binary | action=commit
2025-10-22 13:17:00 | DEBUG | repo=arquillian-phantom-binary | action=commit
2025-06-09 15:56:00 | INFO | repo=arquillian-phantom-binary | action=edit | files=2
2025-02-22 20:19:00 | DEBUG | repo=arquillian-phantom-binary | action=commit
2025-02-12 19:21:00 | INFO | repo=arquillian-phantom-binary | action=commit
2025-11-20 19:19:00 | WARN | repo=arquillian-phantom-binary | action=commit
2025-10-20 15:24:00 | INFO | repo=arquillian-phantom-binary | action=commit
2025-05-12 21:58:00 | WARN | repo=arquillian-phantom-binary | action=edit | files=1
2025-06-24 12:20:00 | WARN | repo=arquillian-phantom-binary | action=commit
2025-04-20 19:40:00 | WARN | repo=arquillian-phantom-binary | action=commit
2025-05-13 08:46:00 | WARN | repo=arquillian-phantom-binary | action=commit
2025-01-19 19:27:00 | INFO | repo=arquillian-phantom-binary | action=commit
